Using pre-set license
Built from '2022.3/staging' branch; Version is '2022.3.15f1 (b58023a2b463) revision 11894819'; Using compiler version '192829333'; Build Type 'Release'
OS: 'Windows 11  (10.0.22631) 64bit CoreSingleLanguage' Language: 'en' Physical Memory: 7987 MB
BatchMode: 1, IsHumanControllingUs: 0, StartBugReporterOnCrash: 0, Is64bit: 1, IsPro: 1

COMMAND LINE ARGUMENTS:
C:\Program Files\Unity\Hub\Editor\2022.3.15f1\Editor\Unity.exe
-adb2
-batchMode
-noUpm
-name
AssetImportWorker4
-projectPath
C:/Workspace/GunGun/GunGunS
-logFile
Logs/AssetImportWorker4.log
-srvPort
50343
Successfully changed project path to: C:/Workspace/GunGun/GunGunS
C:/Workspace/GunGun/GunGunS
[UnityMemory] Configuration Parameters - Can be set up in boot.config
    "memorysetup-bucket-allocator-granularity=16"
    "memorysetup-bucket-allocator-bucket-count=8"
    "memorysetup-bucket-allocator-block-size=33554432"
    "memorysetup-bucket-allocator-block-count=8"
    "memorysetup-main-allocator-block-size=16777216"
    "memorysetup-thread-allocator-block-size=16777216"
    "memorysetup-gfx-main-allocator-block-size=16777216"
    "memorysetup-gfx-thread-allocator-block-size=16777216"
    "memorysetup-cache-allocator-block-size=4194304"
    "memorysetup-typetree-allocator-block-size=2097152"
    "memorysetup-profiler-bucket-allocator-granularity=16"
    "memorysetup-profiler-bucket-allocator-bucket-count=8"
    "memorysetup-profiler-bucket-allocator-block-size=33554432"
    "memorysetup-profiler-bucket-allocator-block-count=8"
    "memorysetup-profiler-allocator-block-size=16777216"
    "memorysetup-profiler-editor-allocator-block-size=1048576"
    "memorysetup-temp-allocator-size-main=16777216"
    "memorysetup-job-temp-allocator-block-size=2097152"
    "memorysetup-job-temp-allocator-block-size-background=1048576"
    "memorysetup-job-temp-allocator-reduction-small-platforms=262144"
    "memorysetup-allocator-temp-initial-block-size-main=262144"
    "memorysetup-allocator-temp-initial-block-size-worker=262144"
    "memorysetup-temp-allocator-size-background-worker=32768"
    "memorysetup-temp-allocator-size-job-worker=262144"
    "memorysetup-temp-allocator-size-preload-manager=33554432"
    "memorysetup-temp-allocator-size-nav-mesh-worker=65536"
    "memorysetup-temp-allocator-size-audio-worker=65536"
    "memorysetup-temp-allocator-size-cloud-worker=32768"
    "memorysetup-temp-allocator-size-gi-baking-worker=262144"
    "memorysetup-temp-allocator-size-gfx=262144"
Player connection [13004] Host "[IP] 192.168.1.49 [Port] 0 [Flags] 2 [Guid] 2654366065 [EditorId] 2654366065 [Version] 1048832 [Id] WindowsEditor(7,LAPTOP-4CCCPH35) [Debug] 1 [PackageName] WindowsEditor [ProjectName] Editor" joined multi-casting on [225.0.0.222:54997]...

Player connection [13004] Host "[IP] 192.168.1.49 [Port] 0 [Flags] 2 [Guid] 2654366065 [EditorId] 2654366065 [Version] 1048832 [Id] WindowsEditor(7,LAPTOP-4CCCPH35) [Debug] 1 [PackageName] WindowsEditor [ProjectName] Editor" joined alternative multi-casting on [225.0.0.222:34997]...

[Physics::Module] Initialized MultithreadedJobDispatcher with 7 workers.
Refreshing native plugins compatible for Editor in 52.15 ms, found 4 plugins.
Preloading 0 native plugins for Editor in 0.00 ms.
Initialize engine version: 2022.3.15f1 (b58023a2b463)
[Subsystems] Discovering subsystems at path C:/Program Files/Unity/Hub/Editor/2022.3.15f1/Editor/Data/Resources/UnitySubsystems
[Subsystems] Discovering subsystems at path C:/Workspace/GunGun/GunGunS/Assets
GfxDevice: creating device client; threaded=0; jobified=0
Direct3D:
    Version:  Direct3D 11.0 [level 11.1]
    Renderer: NVIDIA GeForce GTX 1650 (ID=0x1f9d)
    Vendor:   NVIDIA
    VRAM:     3937 MB
    Driver:   31.0.15.5222
Initialize mono
Mono path[0] = 'C:/Program Files/Unity/Hub/Editor/2022.3.15f1/Editor/Data/Managed'
Mono path[1] = 'C:/Program Files/Unity/Hub/Editor/2022.3.15f1/Editor/Data/MonoBleedingEdge/lib/mono/unityjit-win32'
Mono config path = 'C:/Program Files/Unity/Hub/Editor/2022.3.15f1/Editor/Data/MonoBleedingEdge/etc'
Using monoOptions --debugger-agent=transport=dt_socket,embedding=1,server=y,suspend=n,address=127.0.0.1:56388
Begin MonoManager ReloadAssembly
Registering precompiled unity dll's ...
Register platform support module: C:/Program Files/Unity/Hub/Editor/2022.3.15f1/Editor/Data/PlaybackEngines/WebGLSupport/UnityEditor.WebGL.Extensions.dll
Register platform support module: C:/Program Files/Unity/Hub/Editor/2022.3.15f1/Editor/Data/PlaybackEngines/AndroidPlayer/UnityEditor.Android.Extensions.dll
Register platform support module: C:/Program Files/Unity/Hub/Editor/2022.3.15f1/Editor/Data/PlaybackEngines/WindowsStandaloneSupport/UnityEditor.WindowsStandalone.Extensions.dll
Registered in 0.011377 seconds.
- Loaded All Assemblies, in  0.444 seconds
Native extension for WindowsStandalone target not found
Native extension for Android target not found
Android Extension - Scanning For ADB Devices 406 ms
Native extension for WebGL target not found
Mono: successfully reloaded assembly
- Finished resetting the current domain, in  0.853 seconds
Domain Reload Profiling: 1299ms
	BeginReloadAssembly (162ms)
		ExecutionOrderSort (0ms)
		DisableScriptedObjects (0ms)
		BackupInstance (0ms)
		ReleaseScriptingObjects (0ms)
		CreateAndSetChildDomain (4ms)
	RebuildCommonClasses (42ms)
	RebuildNativeTypeToScriptingClass (9ms)
	initialDomainReloadingComplete (68ms)
	LoadAllAssembliesAndSetupDomain (160ms)
		LoadAssemblies (155ms)
		RebuildTransferFunctionScriptingTraits (0ms)
		AnalyzeDomain (157ms)
			TypeCache.Refresh (155ms)
				TypeCache.ScanAssembly (138ms)
			ScanForSourceGeneratedMonoScriptInfo (0ms)
			ResolveRequiredComponents (1ms)
	FinalizeReload (856ms)
		ReleaseScriptCaches (0ms)
		RebuildScriptCaches (0ms)
		SetupLoadedEditorAssemblies (779ms)
			LogAssemblyErrors (0ms)
			InitializePlatformSupportModulesInManaged (556ms)
			SetLoadedEditorAssemblies (4ms)
			RefreshPlugins (0ms)
			BeforeProcessingInitializeOnLoad (4ms)
			ProcessInitializeOnLoadAttributes (151ms)
			ProcessInitializeOnLoadMethodAttributes (63ms)
			AfterProcessingInitializeOnLoad (0ms)
			EditorAssembliesLoaded (0ms)
		ExecutionOrderSort2 (0ms)
		AwakeInstancesAfterBackupRestoration (0ms)
========================================================================
Worker process is ready to serve import requests
Begin MonoManager ReloadAssembly
- Loaded All Assemblies, in  0.838 seconds
Refreshing native plugins compatible for Editor in 6.39 ms, found 4 plugins.
Native extension for WindowsStandalone target not found
Native extension for Android target not found
Native extension for WebGL target not found
Package Manager log level set to [2]
[Package Manager] Server::EnsureServerProcessIsRunning -- launch failed, reason: Unity was launched with the -noUpm command-line argument
[Package Manager] UpmClient::Send -- Unable to send message (not connected to UPM process).
[Package Manager] Cannot connect to Unity Package Manager local server
Mono: successfully reloaded assembly
- Finished resetting the current domain, in  0.901 seconds
Domain Reload Profiling: 1727ms
	BeginReloadAssembly (144ms)
		ExecutionOrderSort (0ms)
		DisableScriptedObjects (7ms)
		BackupInstance (0ms)
		ReleaseScriptingObjects (0ms)
		CreateAndSetChildDomain (24ms)
	RebuildCommonClasses (33ms)
	RebuildNativeTypeToScriptingClass (10ms)
	initialDomainReloadingComplete (41ms)
	LoadAllAssembliesAndSetupDomain (598ms)
		LoadAssemblies (452ms)
		RebuildTransferFunctionScriptingTraits (0ms)
		AnalyzeDomain (225ms)
			TypeCache.Refresh (197ms)
				TypeCache.ScanAssembly (173ms)
			ScanForSourceGeneratedMonoScriptInfo (22ms)
			ResolveRequiredComponents (5ms)
	FinalizeReload (902ms)
		ReleaseScriptCaches (0ms)
		RebuildScriptCaches (0ms)
		SetupLoadedEditorAssemblies (708ms)
			LogAssemblyErrors (0ms)
			InitializePlatformSupportModulesInManaged (31ms)
			SetLoadedEditorAssemblies (6ms)
			RefreshPlugins (0ms)
			BeforeProcessingInitializeOnLoad (92ms)
			ProcessInitializeOnLoadAttributes (502ms)
			ProcessInitializeOnLoadMethodAttributes (70ms)
			AfterProcessingInitializeOnLoad (6ms)
			EditorAssembliesLoaded (0ms)
		ExecutionOrderSort2 (0ms)
		AwakeInstancesAfterBackupRestoration (5ms)
Launched and connected shader compiler UnityShaderCompiler.exe after 0.07 seconds
Refreshing native plugins compatible for Editor in 6.07 ms, found 4 plugins.
Preloading 0 native plugins for Editor in 0.00 ms.
Unloading 4067 Unused Serialized files (Serialized files now loaded: 0)
Unloading 71 unused Assets / (244.9 KB). Loaded Objects now: 4529.
Memory consumption went from 151.0 MB to 150.8 MB.
Total: 4.799700 ms (FindLiveObjects: 0.290900 ms CreateObjectMapping: 0.113400 ms MarkObjects: 4.031900 ms  DeleteObjects: 0.362200 ms)

AssetImportParameters requested are different than current active one (requested -> active):
  custom:container-demuxer-ogg: 62fdf1f143b41e24485cea50d1cbac27 -> 
  custom:video-decoder-ogg-theora: a1e56fd34408186e4bbccfd4996cb3dc -> 
  custom:framework-win-MediaFoundation: 216162199b28c13a410421893ffa2e32 -> 
  custom:CustomObjectIndexerAttribute: 43b350a4d6e6d1791af0b5038c4bea17 -> 
  custom:container-demuxer-webm: 4f35f7cbe854078d1ac9338744f61a02 -> 
  custom:container-muxer-webm: aa71ff27fc2769a1b78a27578f13a17b -> 
  custom:video-decoder-webm-vp8: 9c59270c3fd7afecdb556c50c9e8de78 -> 
  custom:SearchIndexIgnoredProperties: e643bd26f0fe6173181afceb89e7c659 -> 
  custom:AudioImporter_EditorPlatform: d09bf68614088b80899f8185d706f6e7 -> 
  custom:video-encoder-webm-vp8: eb34c28f22e8b96e1ab97ce403110664 -> 
  custom:audio-decoder-ogg-vorbis: bf7c407c2cedff20999df2af8eb42d56 -> 
  custom:audio-encoder-webm-vorbis: bf7c407c2cedff20999df2af8eb42d56 -> 
========================================================================
Received Import Request.
  Time since last request: 11699.720866 seconds.
  path: Assets/00GAME/Sprites/Enemy/armor 1.png
  artifactKey: Guid(c0fd8a8d75495cf4489259fa11254479) Importer(815301076,1909f56bfc062723c751e8b465ee728b)
Start importing Assets/00GAME/Sprites/Enemy/armor 1.png using Guid(c0fd8a8d75495cf4489259fa11254479) Importer(815301076,1909f56bfc062723c751e8b465ee728b)  -> (artifact id: '4aa80d909981626389a461e9806ad48e') in 0.154191 seconds
Number of updated asset objects reloaded before import = 0
Number of asset objects unloaded after import = 3
========================================================================
Received Import Request.
  Time since last request: 20.496821 seconds.
  path: Assets/00GAME/Scripts/UIEffect/ImageFlash.cs
  artifactKey: Guid(d36b638073da4274d83327583d38ea94) Importer(815301076,1909f56bfc062723c751e8b465ee728b)
Start importing Assets/00GAME/Scripts/UIEffect/ImageFlash.cs using Guid(d36b638073da4274d83327583d38ea94) Importer(815301076,1909f56bfc062723c751e8b465ee728b)  -> (artifact id: 'a1cdeb2c3ec62ef2f9ab3c581f666e8f') in 0.001470 seconds
Number of updated asset objects reloaded before import = 0
Number of asset objects unloaded after import = 0
========================================================================
Received Prepare
Begin MonoManager ReloadAssembly
- Loaded All Assemblies, in  1.278 seconds
Refreshing native plugins compatible for Editor in 12.87 ms, found 4 plugins.
Native extension for WindowsStandalone target not found
Native extension for Android target not found
Native extension for WebGL target not found
[Package Manager] Server::EnsureServerProcessIsRunning -- launch failed, reason: Unity was launched with the -noUpm command-line argument
[Package Manager] UpmClient::Send -- Unable to send message (not connected to UPM process).
[Package Manager] Cannot connect to Unity Package Manager local server
Mono: successfully reloaded assembly
- Finished resetting the current domain, in  2.485 seconds
Domain Reload Profiling: 3760ms
	BeginReloadAssembly (405ms)
		ExecutionOrderSort (0ms)
		DisableScriptedObjects (24ms)
		BackupInstance (0ms)
		ReleaseScriptingObjects (1ms)
		CreateAndSetChildDomain (164ms)
	RebuildCommonClasses (50ms)
	RebuildNativeTypeToScriptingClass (14ms)
	initialDomainReloadingComplete (39ms)
	LoadAllAssembliesAndSetupDomain (766ms)
		LoadAssemblies (873ms)
		RebuildTransferFunctionScriptingTraits (0ms)
		AnalyzeDomain (67ms)
			TypeCache.Refresh (29ms)
				TypeCache.ScanAssembly (2ms)
			ScanForSourceGeneratedMonoScriptInfo (21ms)
			ResolveRequiredComponents (16ms)
	FinalizeReload (2486ms)
		ReleaseScriptCaches (0ms)
		RebuildScriptCaches (0ms)
		SetupLoadedEditorAssemblies (508ms)
			LogAssemblyErrors (0ms)
			InitializePlatformSupportModulesInManaged (38ms)
			SetLoadedEditorAssemblies (5ms)
			RefreshPlugins (0ms)
			BeforeProcessingInitializeOnLoad (89ms)
			ProcessInitializeOnLoadAttributes (330ms)
			ProcessInitializeOnLoadMethodAttributes (39ms)
			AfterProcessingInitializeOnLoad (6ms)
			EditorAssembliesLoaded (0ms)
		ExecutionOrderSort2 (0ms)
		AwakeInstancesAfterBackupRestoration (12ms)
Refreshing native plugins compatible for Editor in 4.77 ms, found 4 plugins.
Preloading 0 native plugins for Editor in 0.00 ms.
Unloading 4059 Unused Serialized files (Serialized files now loaded: 0)
Unloading 44 unused Assets / (217.8 KB). Loaded Objects now: 4539.
Memory consumption went from 150.6 MB to 150.4 MB.
Total: 6.818300 ms (FindLiveObjects: 0.331500 ms CreateObjectMapping: 0.123200 ms MarkObjects: 6.158500 ms  DeleteObjects: 0.203400 ms)

Prepare: number of updated asset objects reloaded= 0
AssetImportParameters requested are different than current active one (requested -> active):
  custom:container-demuxer-ogg: 62fdf1f143b41e24485cea50d1cbac27 -> 
  custom:video-decoder-ogg-theora: a1e56fd34408186e4bbccfd4996cb3dc -> 
  custom:framework-win-MediaFoundation: 216162199b28c13a410421893ffa2e32 -> 
  custom:CustomObjectIndexerAttribute: 43b350a4d6e6d1791af0b5038c4bea17 -> 
  custom:container-demuxer-webm: 4f35f7cbe854078d1ac9338744f61a02 -> 
  custom:container-muxer-webm: aa71ff27fc2769a1b78a27578f13a17b -> 
  custom:video-decoder-webm-vp8: 9c59270c3fd7afecdb556c50c9e8de78 -> 
  custom:SearchIndexIgnoredProperties: e643bd26f0fe6173181afceb89e7c659 -> 
  custom:AudioImporter_EditorPlatform: d09bf68614088b80899f8185d706f6e7 -> 
  custom:video-encoder-webm-vp8: eb34c28f22e8b96e1ab97ce403110664 -> 
  custom:audio-decoder-ogg-vorbis: bf7c407c2cedff20999df2af8eb42d56 -> 
  custom:audio-encoder-webm-vorbis: bf7c407c2cedff20999df2af8eb42d56 -> 
========================================================================
Received Import Request.
  Time since last request: 38.593963 seconds.
  path: Assets/00GAME/Scripts/Controllers/Stair.cs
  artifactKey: Guid(58bea8df08392dc4a879c5a895ef181a) Importer(815301076,1909f56bfc062723c751e8b465ee728b)
Start importing Assets/00GAME/Scripts/Controllers/Stair.cs using Guid(58bea8df08392dc4a879c5a895ef181a) Importer(815301076,1909f56bfc062723c751e8b465ee728b)  -> (artifact id: 'cd5a5f6c74ad2ca3ce17691f9027e9e6') in 0.014250 seconds
Number of updated asset objects reloaded before import = 0
Number of asset objects unloaded after import = 0
========================================================================
Received Import Request.
  Time since last request: 0.650632 seconds.
  path: Assets/00GAME/Scripts/Controllers/SpinController.cs
  artifactKey: Guid(4b9f86d372c75c644ac00cb2e9cbf6f2) Importer(815301076,1909f56bfc062723c751e8b465ee728b)
Start importing Assets/00GAME/Scripts/Controllers/SpinController.cs using Guid(4b9f86d372c75c644ac00cb2e9cbf6f2) Importer(815301076,1909f56bfc062723c751e8b465ee728b)  -> (artifact id: 'ee5c4eca0fc90d9eda2cf19208df017a') in 0.001060 seconds
Number of updated asset objects reloaded before import = 0
Number of asset objects unloaded after import = 0
========================================================================
Received Import Request.
  Time since last request: 1.350447 seconds.
  path: Assets/00GAME/Scripts/Controllers/SpawnController.cs
  artifactKey: Guid(839baebefc3a108498c3f33a4422f5b9) Importer(815301076,1909f56bfc062723c751e8b465ee728b)
Start importing Assets/00GAME/Scripts/Controllers/SpawnController.cs using Guid(839baebefc3a108498c3f33a4422f5b9) Importer(815301076,1909f56bfc062723c751e8b465ee728b)  -> (artifact id: '39cc6bd59382e49b4cfbd030e773db1b') in 0.001019 seconds
Number of updated asset objects reloaded before import = 0
Number of asset objects unloaded after import = 0
========================================================================
Received Import Request.
  Time since last request: 0.709418 seconds.
  path: Assets/00GAME/Scripts/Controllers/SkinItem.cs
  artifactKey: Guid(5f8889d9804181645a3d140dfa872de6) Importer(815301076,1909f56bfc062723c751e8b465ee728b)
Start importing Assets/00GAME/Scripts/Controllers/SkinItem.cs using Guid(5f8889d9804181645a3d140dfa872de6) Importer(815301076,1909f56bfc062723c751e8b465ee728b)  -> (artifact id: 'c9856d33e332aa2290585607cb824076') in 0.000891 seconds
Number of updated asset objects reloaded before import = 0
Number of asset objects unloaded after import = 0
========================================================================
Received Import Request.
  Time since last request: 2.232214 seconds.
  path: Assets/00GAME/Scripts/Controllers/RotateBullet.cs
  artifactKey: Guid(be195d3edc7ae7f4f862b63897bc96c1) Importer(815301076,1909f56bfc062723c751e8b465ee728b)
Start importing Assets/00GAME/Scripts/Controllers/RotateBullet.cs using Guid(be195d3edc7ae7f4f862b63897bc96c1) Importer(815301076,1909f56bfc062723c751e8b465ee728b)  -> (artifact id: '96b8c06131614e604df7ead9ecc30f01') in 0.000958 seconds
Number of updated asset objects reloaded before import = 0
Number of asset objects unloaded after import = 0
========================================================================
Received Import Request.
  Time since last request: 6.333819 seconds.
  path: Assets/00GAME/Scripts/Controllers/PlayerController.cs
  artifactKey: Guid(7b206827b682f724fa8124514c1b437f) Importer(815301076,1909f56bfc062723c751e8b465ee728b)
Start importing Assets/00GAME/Scripts/Controllers/PlayerController.cs using Guid(7b206827b682f724fa8124514c1b437f) Importer(815301076,1909f56bfc062723c751e8b465ee728b)  -> (artifact id: '2d5a52b54b14b7fd6e5fdb5eab719b4a') in 0.001127 seconds
Number of updated asset objects reloaded before import = 0
Number of asset objects unloaded after import = 0
========================================================================
Received Import Request.
  Time since last request: 0.593949 seconds.
  path: Assets/00GAME/Scripts/Controllers/LoadingController.cs
  artifactKey: Guid(f4ea3f18437dbdf4ba69af14079e4d4b) Importer(815301076,1909f56bfc062723c751e8b465ee728b)
Start importing Assets/00GAME/Scripts/Controllers/LoadingController.cs using Guid(f4ea3f18437dbdf4ba69af14079e4d4b) Importer(815301076,1909f56bfc062723c751e8b465ee728b)  -> (artifact id: 'a6b6ac286b5e9bd8bd3f9d51b8a4a802') in 0.001005 seconds
Number of updated asset objects reloaded before import = 0
Number of asset objects unloaded after import = 0
========================================================================
Received Import Request.
  Time since last request: 2.791655 seconds.
  path: Assets/00GAME/Scripts/Controllers/GunItem.cs
  artifactKey: Guid(c8c9f4af7db26bf40b0c0b15dcab8066) Importer(815301076,1909f56bfc062723c751e8b465ee728b)
Start importing Assets/00GAME/Scripts/Controllers/GunItem.cs using Guid(c8c9f4af7db26bf40b0c0b15dcab8066) Importer(815301076,1909f56bfc062723c751e8b465ee728b)  -> (artifact id: '4bea7057df1ff0519b75f4ab1de53f0e') in 0.002060 seconds
Number of updated asset objects reloaded before import = 0
Number of asset objects unloaded after import = 0
========================================================================
Received Import Request.
  Time since last request: 12.010362 seconds.
  path: Assets/00GAME/Sprites/Store/BtnGun.png
  artifactKey: Guid(7525a2d059fe4be4ba75799634a60da2) Importer(815301076,1909f56bfc062723c751e8b465ee728b)
Start importing Assets/00GAME/Sprites/Store/BtnGun.png using Guid(7525a2d059fe4be4ba75799634a60da2) Importer(815301076,1909f56bfc062723c751e8b465ee728b)  -> (artifact id: '128f0837dc1636bba9d3b0c1b4030e15') in 0.171012 seconds
Number of updated asset objects reloaded before import = 0
Number of asset objects unloaded after import = 3
========================================================================
Received Import Request.
  Time since last request: 0.000123 seconds.
  path: Assets/00GAME/Sprites/Store/storeBackground.png
  artifactKey: Guid(f600e063c0d08f94e980c5865afc9971) Importer(815301076,1909f56bfc062723c751e8b465ee728b)
Start importing Assets/00GAME/Sprites/Store/storeBackground.png using Guid(f600e063c0d08f94e980c5865afc9971) Importer(815301076,1909f56bfc062723c751e8b465ee728b)  -> (artifact id: 'ea9ee5852459a01bc8a20912d08ad7cf') in 0.045883 seconds
Number of updated asset objects reloaded before import = 0
Number of asset objects unloaded after import = 3
========================================================================
Received Import Request.
  Time since last request: 0.716166 seconds.
  path: Assets/00GAME/Sprites/Spin/SpinBG.png
  artifactKey: Guid(4780213d2af00da4b9aabde62b4535cc) Importer(815301076,1909f56bfc062723c751e8b465ee728b)
Start importing Assets/00GAME/Sprites/Spin/SpinBG.png using Guid(4780213d2af00da4b9aabde62b4535cc) Importer(815301076,1909f56bfc062723c751e8b465ee728b)  -> (artifact id: 'efcb05f92ab8700497dee9f05f0df105') in 0.029107 seconds
Number of updated asset objects reloaded before import = 0
Number of asset objects unloaded after import = 3
========================================================================
Received Import Request.
  Time since last request: 0.000028 seconds.
  path: Assets/00GAME/Sprites/Spin/SpinPointer.png
  artifactKey: Guid(dda95eed48441ea48ac8a758c6c8e047) Importer(815301076,1909f56bfc062723c751e8b465ee728b)
Start importing Assets/00GAME/Sprites/Spin/SpinPointer.png using Guid(dda95eed48441ea48ac8a758c6c8e047) Importer(815301076,1909f56bfc062723c751e8b465ee728b)  -> (artifact id: 'bbde333d66cd3c4d3a28374a3fbde44c') in 0.038825 seconds
Number of updated asset objects reloaded before import = 0
Number of asset objects unloaded after import = 3
========================================================================
Received Import Request.
  Time since last request: 1.977091 seconds.
  path: Assets/00GAME/Sprites/Gun/1.png
  artifactKey: Guid(a541d9ec2405ad348aca9943dbc36baa) Importer(815301076,1909f56bfc062723c751e8b465ee728b)
Start importing Assets/00GAME/Sprites/Gun/1.png using Guid(a541d9ec2405ad348aca9943dbc36baa) Importer(815301076,1909f56bfc062723c751e8b465ee728b)  -> (artifact id: '6ceda5716ce0ac47c30a4b28233d9c73') in 0.036223 seconds
Number of updated asset objects reloaded before import = 0
Number of asset objects unloaded after import = 3
========================================================================
Received Import Request.
  Time since last request: 0.000088 seconds.
  path: Assets/00GAME/Sprites/Gun/3.png
  artifactKey: Guid(632a17c109261314d88749e21e0d0fef) Importer(815301076,1909f56bfc062723c751e8b465ee728b)
Start importing Assets/00GAME/Sprites/Gun/3.png using Guid(632a17c109261314d88749e21e0d0fef) Importer(815301076,1909f56bfc062723c751e8b465ee728b)  -> (artifact id: '525d113c0719e6b810f2e7009bd042f1') in 0.051650 seconds
Number of updated asset objects reloaded before import = 0
Number of asset objects unloaded after import = 3
========================================================================
Received Import Request.
  Time since last request: 0.000244 seconds.
  path: Assets/00GAME/Sprites/Gun/5.png
  artifactKey: Guid(cda1316b1f6b31e458d01527df0120b4) Importer(815301076,1909f56bfc062723c751e8b465ee728b)
Start importing Assets/00GAME/Sprites/Gun/5.png using Guid(cda1316b1f6b31e458d01527df0120b4) Importer(815301076,1909f56bfc062723c751e8b465ee728b)  -> (artifact id: '9b5f605ef7305a9d61e693834405f1af') in 0.067693 seconds
Number of updated asset objects reloaded before import = 0
Number of asset objects unloaded after import = 3
========================================================================
Received Import Request.
  Time since last request: 0.000026 seconds.
  path: Assets/00GAME/Sprites/Gun/8.png
  artifactKey: Guid(77eb985fc3ab81742aedbe01c30bc238) Importer(815301076,1909f56bfc062723c751e8b465ee728b)
Start importing Assets/00GAME/Sprites/Gun/8.png using Guid(77eb985fc3ab81742aedbe01c30bc238) Importer(815301076,1909f56bfc062723c751e8b465ee728b)  -> (artifact id: '5a96d23d84e989169e61fb4df804f002') in 0.057713 seconds
Number of updated asset objects reloaded before import = 0
Number of asset objects unloaded after import = 3
========================================================================
Received Import Request.
  Time since last request: 0.000034 seconds.
  path: Assets/00GAME/Sprites/Gun/4.png
  artifactKey: Guid(8f63b9bc9e84e44408b24e11e75df5f2) Importer(815301076,1909f56bfc062723c751e8b465ee728b)
Start importing Assets/00GAME/Sprites/Gun/4.png using Guid(8f63b9bc9e84e44408b24e11e75df5f2) Importer(815301076,1909f56bfc062723c751e8b465ee728b)  -> (artifact id: '41929676274827af27d825272b1ecb43') in 0.050710 seconds
Number of updated asset objects reloaded before import = 0
Number of asset objects unloaded after import = 3
========================================================================
Received Prepare
Begin MonoManager ReloadAssembly
- Loaded All Assemblies, in  2.002 seconds
Refreshing native plugins compatible for Editor in 22.69 ms, found 4 plugins.
Native extension for WindowsStandalone target not found
Native extension for Android target not found
Native extension for WebGL target not found
[Package Manager] Server::EnsureServerProcessIsRunning -- launch failed, reason: Unity was launched with the -noUpm command-line argument
[Package Manager] UpmClient::Send -- Unable to send message (not connected to UPM process).
[Package Manager] Cannot connect to Unity Package Manager local server
Mono: successfully reloaded assembly
- Finished resetting the current domain, in  2.447 seconds
Domain Reload Profiling: 4451ms
	BeginReloadAssembly (281ms)
		ExecutionOrderSort (0ms)
		DisableScriptedObjects (14ms)
		BackupInstance (0ms)
		ReleaseScriptingObjects (2ms)
		CreateAndSetChildDomain (90ms)
	RebuildCommonClasses (49ms)
	RebuildNativeTypeToScriptingClass (13ms)
	initialDomainReloadingComplete (41ms)
	LoadAllAssembliesAndSetupDomain (1617ms)
		LoadAssemblies (1378ms)
		RebuildTransferFunctionScriptingTraits (0ms)
		AnalyzeDomain (364ms)
			TypeCache.Refresh (152ms)
				TypeCache.ScanAssembly (3ms)
			ScanForSourceGeneratedMonoScriptInfo (171ms)
			ResolveRequiredComponents (38ms)
	FinalizeReload (2450ms)
		ReleaseScriptCaches (0ms)
		RebuildScriptCaches (0ms)
		SetupLoadedEditorAssemblies (757ms)
			LogAssemblyErrors (0ms)
			InitializePlatformSupportModulesInManaged (71ms)
			SetLoadedEditorAssemblies (8ms)
			RefreshPlugins (0ms)
			BeforeProcessingInitializeOnLoad (104ms)
			ProcessInitializeOnLoadAttributes (522ms)
			ProcessInitializeOnLoadMethodAttributes (43ms)
			AfterProcessingInitializeOnLoad (7ms)
			EditorAssembliesLoaded (1ms)
		ExecutionOrderSort2 (0ms)
		AwakeInstancesAfterBackupRestoration (15ms)
Refreshing native plugins compatible for Editor in 22.07 ms, found 4 plugins.
Preloading 0 native plugins for Editor in 0.00 ms.
Unloading 4060 Unused Serialized files (Serialized files now loaded: 0)
Unloading 43 unused Assets / (217.3 KB). Loaded Objects now: 4559.
Memory consumption went from 152.6 MB to 152.4 MB.
Total: 8.023400 ms (FindLiveObjects: 0.438200 ms CreateObjectMapping: 0.277000 ms MarkObjects: 6.895800 ms  DeleteObjects: 0.408400 ms)

Prepare: number of updated asset objects reloaded= 0
AssetImportParameters requested are different than current active one (requested -> active):
  custom:container-demuxer-ogg: 62fdf1f143b41e24485cea50d1cbac27 -> 
  custom:video-decoder-ogg-theora: a1e56fd34408186e4bbccfd4996cb3dc -> 
  custom:framework-win-MediaFoundation: 216162199b28c13a410421893ffa2e32 -> 
  custom:CustomObjectIndexerAttribute: 43b350a4d6e6d1791af0b5038c4bea17 -> 
  custom:container-demuxer-webm: 4f35f7cbe854078d1ac9338744f61a02 -> 
  custom:container-muxer-webm: aa71ff27fc2769a1b78a27578f13a17b -> 
  custom:video-decoder-webm-vp8: 9c59270c3fd7afecdb556c50c9e8de78 -> 
  custom:SearchIndexIgnoredProperties: e643bd26f0fe6173181afceb89e7c659 -> 
  custom:AudioImporter_EditorPlatform: d09bf68614088b80899f8185d706f6e7 -> 
  custom:video-encoder-webm-vp8: eb34c28f22e8b96e1ab97ce403110664 -> 
  custom:audio-decoder-ogg-vorbis: bf7c407c2cedff20999df2af8eb42d56 -> 
  custom:audio-encoder-webm-vorbis: bf7c407c2cedff20999df2af8eb42d56 -> 
Editor requested this worker to shutdown with reason: Scaling down because of idle timeout
TcpMessagingSession - receive error: operation aborted. errorcode: 995, details: The I/O operation has been aborted because of either a thread exit or an application request.
AssetImportWorker is now disconnected from the server
Process exiting
Exiting without the bug reporter. Application will terminate with return code 0